============================= test session starts ==============================
platform darwin -- Python 3.11.4, pytest-9.1.0, pluggy-1.6.0 -- ./.venv/bin/python
cachedir: .pytest_cache
rootdir: .
plugins: anyio-4.13.0
collecting ... collected 20 items

tests/test_game_logic.py::test_winning_guess PASSED                      [  5%]
tests/test_game_logic.py::test_guess_too_high PASSED                     [ 10%]
tests/test_game_logic.py::test_guess_too_low PASSED                      [ 15%]
tests/test_game_logic.py::test_large_guess_is_too_high PASSED            [ 20%]
tests/test_game_logic.py::test_check_guess_handles_string_secret PASSED  [ 25%]
tests/test_game_logic.py::test_hint_points_player_the_right_way PASSED   [ 30%]
tests/test_game_logic.py::test_wrong_guess_does_not_change_score PASSED  [ 35%]
tests/test_game_logic.py::test_first_guess_win_scores_full PASSED        [ 40%]
tests/test_game_logic.py::test_parse_guess_rejects_non_numbers PASSED    [ 45%]
tests/test_game_logic.py::test_negative_number_is_compared_numerically PASSED [ 50%]
tests/test_game_logic.py::test_decimal_input_is_truncated_to_int PASSED  [ 55%]
tests/test_game_logic.py::test_extremely_large_value_does_not_crash PASSED [ 60%]
tests/test_game_logic.py::test_whitespace_only_input_is_rejected PASSED  [ 65%]
tests/test_game_logic.py::test_proximity_exact_is_bullseye PASSED        [ 70%]
tests/test_game_logic.py::test_proximity_close_is_hot PASSED             [ 75%]
tests/test_game_logic.py::test_proximity_far_is_freezing PASSED          [ 80%]
tests/test_high_score.py::test_missing_file_reads_as_zero PASSED         [ 85%]
tests/test_high_score.py::test_save_then_load_roundtrip PASSED           [ 90%]
tests/test_high_score.py::test_update_only_keeps_the_best PASSED         [ 95%]
tests/test_high_score.py::test_corrupt_file_reads_as_zero PASSED         [100%]

============================== 20 passed in 0.05s ==============================
